<?xml version="1.0" encoding="UTF-8"?>
<testng-results skipped="0" failed="0" ignored="0" total="3" passed="3">
  <reporter-output>
  </reporter-output>
  <suite name="Practice Suite" duration-ms="48904" started-at="2022-01-09T17:45:30 IST" finished-at="2022-01-09T17:46:19 IST">
    <groups>
    </groups>
    <test name="Test Basics 1" duration-ms="48904" started-at="2022-01-09T17:45:30 IST" finished-at="2022-01-09T17:46:19 IST">
      <class name="testcases.VerifyLogin">
        <test-method status="PASS" signature="setData()[pri:0, instance:testcases.VerifyLogin@376b4233]" name="setData" is-config="true" duration-ms="1" started-at="2022-01-09T17:45:30 IST" finished-at="2022-01-09T17:45:30 IST">
          <reporter-output>
          </reporter-output>
        </test-method> <!-- setData -->
        <test-method status="PASS" signature="beforeMethod(java.lang.String)[pri:0, instance:testcases.VerifyLogin@376b4233]" name="beforeMethod" is-config="true" duration-ms="13020" started-at="2022-01-09T17:45:31 IST" finished-at="2022-01-09T17:45:44 IST">
          <params>
            <param index="0">
              <value>
                <![CDATA[http://leaftaps.com/opentaps/control/main]]>
              </value>
            </param>
          </params>
          <reporter-output>
          </reporter-output>
        </test-method> <!-- beforeMethod -->
        <test-method status="PASS" signature="verifyLogin(java.lang.String,java.lang.String)[pri:0, instance:testcases.VerifyLogin@376b4233]" name="verifyLogin" duration-ms="2540" started-at="2022-01-09T17:45:44 IST" data-provider="sendData" finished-at="2022-01-09T17:45:47 IST">
          <params>
            <param index="0">
              <value>
                <![CDATA[DemoSalesManager]]>
              </value>
            </param>
            <param index="1">
              <value>
                <![CDATA[crmsfa]]>
              </value>
            </param>
          </params>
          <reporter-output>
          </reporter-output>
        </test-method> <!-- verifyLogin -->
        <test-method status="PASS" signature="afterMethod()[pri:0, instance:testcases.VerifyLogin@376b4233]" name="afterMethod" is-config="true" duration-ms="3472" started-at="2022-01-09T17:45:47 IST" finished-at="2022-01-09T17:45:50 IST">
          <reporter-output>
          </reporter-output>
        </test-method> <!-- afterMethod -->
      </class> <!-- testcases.VerifyLogin -->
      <class name="testcases.CreateLead">
        <test-method status="PASS" signature="setData()[pri:0, instance:testcases.CreateLead@fcd6521]" name="setData" is-config="true" duration-ms="18" started-at="2022-01-09T17:45:30 IST" finished-at="2022-01-09T17:45:30 IST">
          <reporter-output>
          </reporter-output>
        </test-method> <!-- setData -->
        <test-method status="PASS" signature="beforeMethod(java.lang.String)[pri:0, instance:testcases.CreateLead@fcd6521]" name="beforeMethod" is-config="true" duration-ms="12293" started-at="2022-01-09T17:45:31 IST" finished-at="2022-01-09T17:45:44 IST">
          <params>
            <param index="0">
              <value>
                <![CDATA[http://leaftaps.com/opentaps/control/main]]>
              </value>
            </param>
          </params>
          <reporter-output>
          </reporter-output>
        </test-method> <!-- beforeMethod -->
        <test-method status="PASS" signature="createLead(java.lang.String,java.lang.String,java.lang.String,java.lang.String,java.lang.String,java.lang.String)[pri:0, instance:testcases.CreateLead@fcd6521]" name="createLead" duration-ms="15002" started-at="2022-01-09T17:45:44 IST" data-provider="sendData" finished-at="2022-01-09T17:45:59 IST">
          <params>
            <param index="0">
              <value>
                <![CDATA[DemoSalesManager]]>
              </value>
            </param>
            <param index="1">
              <value>
                <![CDATA[crmsfa]]>
              </value>
            </param>
            <param index="2">
              <value>
                <![CDATA[testleaf1]]>
              </value>
            </param>
            <param index="3">
              <value>
                <![CDATA[ram1]]>
              </value>
            </param>
            <param index="4">
              <value>
                <![CDATA[gar1]]>
              </value>
            </param>
            <param index="5">
              <value>
                <![CDATA[Employee]]>
              </value>
            </param>
          </params>
          <reporter-output>
          </reporter-output>
        </test-method> <!-- createLead -->
        <test-method status="PASS" signature="afterMethod()[pri:0, instance:testcases.CreateLead@fcd6521]" name="afterMethod" is-config="true" duration-ms="1556" started-at="2022-01-09T17:45:59 IST" finished-at="2022-01-09T17:46:00 IST">
          <reporter-output>
          </reporter-output>
        </test-method> <!-- afterMethod -->
        <test-method status="PASS" signature="beforeMethod(java.lang.String)[pri:0, instance:testcases.CreateLead@fcd6521]" name="beforeMethod" is-config="true" duration-ms="5653" started-at="2022-01-09T17:46:00 IST" finished-at="2022-01-09T17:46:06 IST">
          <params>
            <param index="0">
              <value>
                <![CDATA[http://leaftaps.com/opentaps/control/main]]>
              </value>
            </param>
          </params>
          <reporter-output>
          </reporter-output>
        </test-method> <!-- beforeMethod -->
        <test-method status="PASS" signature="createLead(java.lang.String,java.lang.String,java.lang.String,java.lang.String,java.lang.String,java.lang.String)[pri:0, instance:testcases.CreateLead@fcd6521]" name="createLead" duration-ms="12263" started-at="2022-01-09T17:46:06 IST" data-provider="sendData" finished-at="2022-01-09T17:46:18 IST">
          <params>
            <param index="0">
              <value>
                <![CDATA[DemoSalesManager]]>
              </value>
            </param>
            <param index="1">
              <value>
                <![CDATA[crmsfa]]>
              </value>
            </param>
            <param index="2">
              <value>
                <![CDATA[testleaf2]]>
              </value>
            </param>
            <param index="3">
              <value>
                <![CDATA[ram2]]>
              </value>
            </param>
            <param index="4">
              <value>
                <![CDATA[gar2]]>
              </value>
            </param>
            <param index="5">
              <value>
                <![CDATA[Employee]]>
              </value>
            </param>
          </params>
          <reporter-output>
          </reporter-output>
        </test-method> <!-- createLead -->
        <test-method status="PASS" signature="afterMethod()[pri:0, instance:testcases.CreateLead@fcd6521]" name="afterMethod" is-config="true" duration-ms="981" started-at="2022-01-09T17:46:18 IST" finished-at="2022-01-09T17:46:19 IST">
          <reporter-output>
          </reporter-output>
        </test-method> <!-- afterMethod -->
      </class> <!-- testcases.CreateLead -->
    </test> <!-- Test Basics 1 -->
  </suite> <!-- Practice Suite -->
</testng-results>
