<?xml version="1.0" encoding="UTF-8"?>
<!-- Generated by org.testng.reporters.JUnitXMLReporter -->
<testsuite hostname="LAPTOP-BL99EMON" ignored="0" name="Test Basics 1" tests="3" failures="0" timestamp="2022-01-09T17:46:19 IST" time="48.904" errors="0">
  <testcase name="verifyLogin" time="2.54" classname="testcases.VerifyLogin"/>
  <testcase name="createLead" time="15.002" classname="testcases.CreateLead"/>
  <testcase name="createLead" time="12.263" classname="testcases.CreateLead"/>
</testsuite> <!-- Test Basics 1 -->
